Loading Data ...
image_idxs <type 'numpy.ndarray'> (399998,) int32
file_names <type 'numpy.ndarray'> (82783,) <U55
word_to_idx <type 'dict'> 23110
features <type 'numpy.ndarray'> (82783, 196, 512) float32
captions <type 'numpy.ndarray'> (399998, 17) int32
Elapse time: 735.54
The number of epoch: 20
Data size: 399998
Batch size: 64
Iterations per epoch: 6250


Starting Adversarial Training ...



Training Generator Using Rewards ...

Epoch      1, Step      1: G-Loss =    0.763
Epoch      1, Step      2: G-Loss =    1.406
Epoch      1, Step      3: G-Loss =    0.956
Epoch      1, Step      4: G-Loss =    0.952
Epoch      1, Step      5: G-Loss =    1.565
Epoch      1, Step      6: G-Loss =    1.561
Epoch      1, Step      7: G-Loss =    1.916
Epoch      1, Step      8: G-Loss =    1.946
Epoch      1, Step      9: G-Loss =    1.778
Epoch      1, Step     10: G-Loss =    1.682
Epoch      1, Step     11: G-Loss =    1.686
Epoch      1, Step     12: G-Loss =    1.515
Epoch      1, Step     13: G-Loss =    0.968
Epoch      1, Step     14: G-Loss =    1.216
Epoch      1, Step     15: G-Loss =    1.003
Epoch      1, Step     16: G-Loss =    0.741
Epoch      1, Step     17: G-Loss =    1.202
Epoch      1, Step     18: G-Loss =    1.032
Epoch      1, Step     19: G-Loss =    1.014
Epoch      1, Step     20: G-Loss =    0.447
Epoch      1, Step     21: G-Loss =    0.363
Epoch      1, Step     22: G-Loss =    0.655
Epoch      1, Step     23: G-Loss =    0.469
Epoch      1, Step     24: G-Loss =    0.251
Epoch      1, Step     25: G-Loss =    0.345
Epoch      1, Step     26: G-Loss =    0.137
Epoch      1, Step     27: G-Loss =    0.122
Epoch      1, Step     28: G-Loss =    0.147
Epoch      1, Step     29: G-Loss =    0.156
Epoch      1, Step     30: G-Loss =    0.153
Epoch      1, Step     31: G-Loss =    0.214
Epoch      1, Step     32: G-Loss =    0.128
Epoch      1, Step     33: G-Loss =    0.165
Epoch      1, Step     34: G-Loss =    0.057
Epoch      1, Step     35: G-Loss =    0.048
Epoch      1, Step     36: G-Loss =    0.198
Epoch      1, Step     37: G-Loss =    0.143
Epoch      1, Step     38: G-Loss =    0.185
Epoch      1, Step     39: G-Loss =    0.139
Epoch      1, Step     40: G-Loss =    0.051
Epoch      1, Step     41: G-Loss =    0.102
Epoch      1, Step     42: G-Loss =    0.064
Epoch      1, Step     43: G-Loss =    0.052
Epoch      1, Step     44: G-Loss =    0.050
Epoch      1, Step     45: G-Loss =    0.134
Epoch      1, Step     46: G-Loss =    0.057
Epoch      1, Step     47: G-Loss =    0.073
Epoch      1, Step     48: G-Loss =    0.048
Epoch      1, Step     49: G-Loss =    0.063
Epoch      1, Step     50: G-Loss =    0.028
Epoch      1, Step     51: G-Loss =    0.041
Epoch      1, Step     52: G-Loss =    0.065
Epoch      1, Step     53: G-Loss =    0.050
Epoch      1, Step     54: G-Loss =    0.021
Epoch      1, Step     55: G-Loss =    0.028
Epoch      1, Step     56: G-Loss =    0.021
Epoch      1, Step     57: G-Loss =    0.029
Epoch      1, Step     58: G-Loss =    0.020
Epoch      1, Step     59: G-Loss =    0.020
Epoch      1, Step     60: G-Loss =    0.026
Epoch      1, Step     61: G-Loss =    0.019
Epoch      1, Step     62: G-Loss =    0.016
Epoch      1, Step     63: G-Loss =    0.057
Epoch      1, Step     64: G-Loss =    0.018
Epoch      1, Step     65: G-Loss =    0.078
Epoch      1, Step     66: G-Loss =    0.055
Epoch      1, Step     67: G-Loss =    0.018
Epoch      1, Step     68: G-Loss =    0.062
Epoch      1, Step     69: G-Loss =    0.030
Epoch      1, Step     70: G-Loss =    0.026
Epoch      1, Step     71: G-Loss =    0.059
Epoch      1, Step     72: G-Loss =    0.049
Epoch      1, Step     73: G-Loss =    0.037
Epoch      1, Step     74: G-Loss =    0.023
Epoch      1, Step     75: G-Loss =    0.022
Epoch      1, Step     76: G-Loss =    0.047
Epoch      1, Step     77: G-Loss =    0.013
Epoch      1, Step     78: G-Loss =    0.015
Epoch      1, Step     79: G-Loss =    0.020
Epoch      1, Step     80: G-Loss =    0.123
Epoch      1, Step     81: G-Loss =    0.072
Epoch      1, Step     82: G-Loss =    0.034
Epoch      1, Step     83: G-Loss =    0.107
Epoch      1, Step     84: G-Loss =    0.012
Epoch      1, Step     85: G-Loss =    0.026
Epoch      1, Step     86: G-Loss =    0.063
Epoch      1, Step     87: G-Loss =    0.009
Epoch      1, Step     88: G-Loss =    0.036
Epoch      1, Step     89: G-Loss =    0.042
Epoch      1, Step     90: G-Loss =    0.017
Epoch      1, Step     91: G-Loss =    0.104
Epoch      1, Step     92: G-Loss =    0.012
Epoch      1, Step     93: G-Loss =    0.062
Epoch      1, Step     94: G-Loss =    0.045
Epoch      1, Step     95: G-Loss =    0.009
Epoch      1, Step     96: G-Loss =    0.009
Epoch      1, Step     97: G-Loss =    0.012
Epoch      1, Step     98: G-Loss =    0.030
Epoch      1, Step     99: G-Loss =    0.014
Epoch      1, Step    100: G-Loss =    0.015
Epoch      1, Step    101: G-Loss =    0.050
Epoch      1, Step    102: G-Loss =    0.010
Epoch      1, Step    103: G-Loss =    0.017
Epoch      1, Step    104: G-Loss =    0.025
Epoch      1, Step    105: G-Loss =    0.047
Epoch      1, Step    106: G-Loss =    0.093
Epoch      1, Step    107: G-Loss =    0.020
Epoch      1, Step    108: G-Loss =    0.035
Epoch      1, Step    109: G-Loss =    0.019
Epoch      1, Step    110: G-Loss =    0.064
Epoch      1, Step    111: G-Loss =    0.085
Epoch      1, Step    112: G-Loss =    0.021
Epoch      1, Step    113: G-Loss =    0.073
Epoch      1, Step    114: G-Loss =    0.033
Epoch      1, Step    115: G-Loss =    0.065
Epoch      1, Step    116: G-Loss =    0.126
Epoch      1, Step    117: G-Loss =    0.009
Epoch      1, Step    118: G-Loss =    0.016
Epoch      1, Step    119: G-Loss =    0.044
Epoch      1, Step    120: G-Loss =    0.033
Epoch      1, Step    121: G-Loss =    0.017
Epoch      1, Step    122: G-Loss =    0.013
Epoch      1, Step    123: G-Loss =    0.166
Epoch      1, Step    124: G-Loss =    0.089
Epoch      1, Step    125: G-Loss =    0.022
Epoch      1, Step    126: G-Loss =    0.024
Epoch      1, Step    127: G-Loss =    0.278
Epoch      1, Step    128: G-Loss =    0.035
Epoch      1, Step    129: G-Loss =    0.059
Epoch      1, Step    130: G-Loss =    0.013
Epoch      1, Step    131: G-Loss =    0.084
Epoch      1, Step    132: G-Loss =    0.227
Epoch      1, Step    133: G-Loss =    0.061
Epoch      1, Step    134: G-Loss =    0.028
Epoch      1, Step    135: G-Loss =    0.308
Epoch      1, Step    136: G-Loss =    0.102
Epoch      1, Step    137: G-Loss =    0.095
Epoch      1, Step    138: G-Loss =    0.045
Epoch      1, Step    139: G-Loss =    0.407
Epoch      1, Step    140: G-Loss =    0.047
Epoch      1, Step    141: G-Loss =    0.147
Epoch      1, Step    142: G-Loss =    0.275
Epoch      1, Step    143: G-Loss =    0.082
Epoch      1, Step    144: G-Loss =    0.055
Epoch      1, Step    145: G-Loss =    0.042
Epoch      1, Step    146: G-Loss =    0.065
Epoch      1, Step    147: G-Loss =    0.026
Epoch      1, Step    148: G-Loss =    0.041
Epoch      1, Step    149: G-Loss =    0.036
Epoch      1, Step    150: G-Loss =    0.009
Epoch      1, Step    151: G-Loss =    0.008
Epoch      1, Step    152: G-Loss =    0.035
Epoch      1, Step    153: G-Loss =    0.293
Epoch      1, Step    154: G-Loss =    0.027
Epoch      1, Step    155: G-Loss =    0.084
Epoch      1, Step    156: G-Loss =    0.039
Epoch      1, Step    157: G-Loss =    0.061
Epoch      1, Step    158: G-Loss =    0.211
Epoch      1, Step    159: G-Loss =    0.047
Epoch      1, Step    160: G-Loss =    0.062
Epoch      1, Step    161: G-Loss =    0.057
Epoch      1, Step    162: G-Loss =    0.048
Epoch      1, Step    163: G-Loss =    0.040
Epoch      1, Step    164: G-Loss =    0.019
Epoch      1, Step    165: G-Loss =    0.028
Epoch      1, Step    166: G-Loss =    0.027
Epoch      1, Step    167: G-Loss =    0.032
Epoch      1, Step    168: G-Loss =    0.012
Epoch      1, Step    169: G-Loss =    0.008
Epoch      1, Step    170: G-Loss =    0.051
Epoch      1, Step    171: G-Loss =    0.116
Epoch      1, Step    172: G-Loss =    0.040
Epoch      1, Step    173: G-Loss =    0.008
Epoch      1, Step    174: G-Loss =    0.014
Epoch      1, Step    175: G-Loss =    0.034
Epoch      1, Step    176: G-Loss =    0.009
Epoch      1, Step    177: G-Loss =    0.062
Epoch      1, Step    178: G-Loss =    0.133
Epoch      1, Step    179: G-Loss =    0.047
Epoch      1, Step    180: G-Loss =    0.156
Epoch      1, Step    181: G-Loss =    0.022
Epoch      1, Step    182: G-Loss =    0.017
Epoch      1, Step    183: G-Loss =    0.037
Epoch      1, Step    184: G-Loss =    0.012
Epoch      1, Step    185: G-Loss =    0.072
Epoch      1, Step    186: G-Loss =    0.170
Epoch      1, Step    187: G-Loss =    0.023
Epoch      1, Step    188: G-Loss =    0.070
Epoch      1, Step    189: G-Loss =    0.105
Epoch      1, Step    190: G-Loss =    0.009
Epoch      1, Step    191: G-Loss =    0.038
Epoch      1, Step    192: G-Loss =    0.016
Epoch      1, Step    193: G-Loss =    0.039
Epoch      1, Step    194: G-Loss =    0.009
Epoch      1, Step    195: G-Loss =    0.007
Epoch      1, Step    196: G-Loss =    0.122
Epoch      1, Step    197: G-Loss =    0.038
Epoch      1, Step    198: G-Loss =    0.018
Epoch      1, Step    199: G-Loss =    0.022
Epoch      1, Step    200: G-Loss =    0.015
Epoch      1, Step    201: G-Loss =    0.076
Epoch      1, Step    202: G-Loss =    0.015
Epoch      1, Step    203: G-Loss =    0.026
Epoch      1, Step    204: G-Loss =    0.027
Epoch      1, Step    205: G-Loss =    0.020
Epoch      1, Step    206: G-Loss =    0.010
Epoch      1, Step    207: G-Loss =    0.011
Epoch      1, Step    208: G-Loss =    0.030
Epoch      1, Step    209: G-Loss =    0.007
Epoch      1, Step    210: G-Loss =    0.032
Epoch      1, Step    211: G-Loss =    0.007
Epoch      1, Step    212: G-Loss =    0.009
Epoch      1, Step    213: G-Loss =    0.010
Epoch      1, Step    214: G-Loss =    0.012
Epoch      1, Step    215: G-Loss =    0.195
Epoch      1, Step    216: G-Loss =    0.041
Epoch      1, Step    217: G-Loss =    0.015
Epoch      1, Step    218: G-Loss =    0.010
Epoch      1, Step    219: G-Loss =    0.064
Epoch      1, Step    220: G-Loss =    0.012
Epoch      1, Step    221: G-Loss =    0.039
Epoch      1, Step    222: G-Loss =    0.169
Epoch      1, Step    223: G-Loss =    0.068
Epoch      1, Step    224: G-Loss =    0.035
Epoch      1, Step    225: G-Loss =    0.104
Epoch      1, Step    226: G-Loss =    0.025
Epoch      1, Step    227: G-Loss =    0.048
Epoch      1, Step    228: G-Loss =    0.038
Epoch      1, Step    229: G-Loss =    0.022
Epoch      1, Step    230: G-Loss =    0.007
Epoch      1, Step    231: G-Loss =    0.009
Epoch      1, Step    232: G-Loss =    0.008
Epoch      1, Step    233: G-Loss =    0.013
Epoch      1, Step    234: G-Loss =    0.054
Epoch      1, Step    235: G-Loss =    0.099
Epoch      1, Step    236: G-Loss =    0.122
Epoch      1, Step    237: G-Loss =    0.009
Epoch      1, Step    238: G-Loss =    0.065
Epoch      1, Step    239: G-Loss =    0.035
Epoch      1, Step    240: G-Loss =    0.030
Epoch      1, Step    241: G-Loss =    0.017
Epoch      1, Step    242: G-Loss =    0.013
Epoch      1, Step    243: G-Loss =    0.004
Epoch      1, Step    244: G-Loss =    0.023
Epoch      1, Step    245: G-Loss =    0.073
Epoch      1, Step    246: G-Loss =    0.005
Epoch      1, Step    247: G-Loss =    0.008
Epoch      1, Step    248: G-Loss =    0.006
Epoch      1, Step    249: G-Loss =    0.011
Epoch      1, Step    250: G-Loss =    0.097
Epoch      1, Step    251: G-Loss =    0.080
Epoch      1, Step    252: G-Loss =    0.077
Epoch      1, Step    253: G-Loss =    0.010
Epoch      1, Step    254: G-Loss =    0.030
Epoch      1, Step    255: G-Loss =    0.013
Epoch      1, Step    256: G-Loss =    0.007
Epoch      1, Step    257: G-Loss =    0.019
Epoch      1, Step    258: G-Loss =    0.008
Epoch      1, Step    259: G-Loss =    0.016
Epoch      1, Step    260: G-Loss =    0.025
Epoch      1, Step    261: G-Loss =    0.008
Epoch      1, Step    262: G-Loss =    0.011
Epoch      1, Step    263: G-Loss =    0.021
Epoch      1, Step    264: G-Loss =    0.086
Epoch      1, Step    265: G-Loss =    0.005
Epoch      1, Step    266: G-Loss =    0.022
Epoch      1, Step    267: G-Loss =    0.008
Epoch      1, Step    268: G-Loss =    0.031
Epoch      1, Step    269: G-Loss =    0.015
Epoch      1, Step    270: G-Loss =    0.006
Epoch      1, Step    271: G-Loss =    0.073
Epoch      1, Step    272: G-Loss =    0.007
Epoch      1, Step    273: G-Loss =    0.005
Epoch      1, Step    274: G-Loss =    0.005
Epoch      1, Step    275: G-Loss =    0.004
Epoch      1, Step    276: G-Loss =    0.005
Epoch      1, Step    277: G-Loss =    0.006
Epoch      1, Step    278: G-Loss =    0.006
Epoch      1, Step    279: G-Loss =    0.009
Epoch      1, Step    280: G-Loss =    0.027
Epoch      1, Step    281: G-Loss =    0.008
Epoch      1, Step    282: G-Loss =    0.003
Epoch      1, Step    283: G-Loss =    0.003
Epoch      1, Step    284: G-Loss =    0.003
Epoch      1, Step    285: G-Loss =    0.003
Epoch      1, Step    286: G-Loss =    0.013
Epoch      1, Step    287: G-Loss =    0.003
Epoch      1, Step    288: G-Loss =    0.025
Epoch      1, Step    289: G-Loss =    0.004
Epoch      1, Step    290: G-Loss =    0.003
Epoch      1, Step    291: G-Loss =    0.003
Epoch      1, Step    292: G-Loss =    0.041
Epoch      1, Step    293: G-Loss =    0.067
Epoch      1, Step    294: G-Loss =    0.004
Epoch      1, Step    295: G-Loss =    0.078
Epoch      1, Step    296: G-Loss =    0.004
Epoch      1, Step    297: G-Loss =    0.014
Epoch      1, Step    298: G-Loss =    0.019
Epoch      1, Step    299: G-Loss =    0.003
Epoch      1, Step    300: G-Loss =    0.050
Epoch      1, Step    301: G-Loss =    0.003
Epoch      1, Step    302: G-Loss =    0.014
Epoch      1, Step    303: G-Loss =    0.012
Epoch      1, Step    304: G-Loss =    0.007
Epoch      1, Step    305: G-Loss =    0.005
Epoch      1, Step    306: G-Loss =    0.042
Epoch      1, Step    307: G-Loss =    0.033
Epoch      1, Step    308: G-Loss =    0.004
Epoch      1, Step    309: G-Loss =    0.003
Epoch      1, Step    310: G-Loss =    0.024
Epoch      1, Step    311: G-Loss =    0.003
Epoch      1, Step    312: G-Loss =    0.015
Epoch      1, Step    313: G-Loss =    0.005
Epoch      1, Step    314: G-Loss =    0.016
Epoch      1, Step    315: G-Loss =    0.039
Epoch      1, Step    316: G-Loss =    0.022
Epoch      1, Step    317: G-Loss =    0.020
Epoch      1, Step    318: G-Loss =    0.005
Epoch      1, Step    319: G-Loss =    0.057
Epoch      1, Step    320: G-Loss =    0.025
Epoch      1, Step    321: G-Loss =    0.008
Epoch      1, Step    322: G-Loss =    0.034
Epoch      1, Step    323: G-Loss =    0.006
Epoch      1, Step    324: G-Loss =    0.010
Epoch      1, Step    325: G-Loss =    0.033
Epoch      1, Step    326: G-Loss =    0.116
Epoch      1, Step    327: G-Loss =    0.011
Epoch      1, Step    328: G-Loss =    0.058
Epoch      1, Step    329: G-Loss =    0.054
Epoch      1, Step    330: G-Loss =    0.012
Epoch      1, Step    331: G-Loss =    0.033
Epoch      1, Step    332: G-Loss =    0.070
Epoch      1, Step    333: G-Loss =    0.084
Epoch      1, Step    334: G-Loss =    0.039
Epoch      1, Step    335: G-Loss =    0.245
Epoch      1, Step    336: G-Loss =    0.048
Epoch      1, Step    337: G-Loss =    0.126
Epoch      1, Step    338: G-Loss =    0.047
Epoch      1, Step    339: G-Loss =    0.021
Epoch      1, Step    340: G-Loss =    0.007
Epoch      1, Step    341: G-Loss =    0.132
Epoch      1, Step    342: G-Loss =    0.146
Epoch      1, Step    343: G-Loss =    0.011
Epoch      1, Step    344: G-Loss =    0.093
Epoch      1, Step    345: G-Loss =    0.053
Epoch      1, Step    346: G-Loss =    0.095
Epoch      1, Step    347: G-Loss =    0.020
Epoch      1, Step    348: G-Loss =    0.045
Epoch      1, Step    349: G-Loss =    0.014
Epoch      1, Step    350: G-Loss =    0.127
Epoch      1, Step    351: G-Loss =    0.016
Epoch      1, Step    352: G-Loss =    0.039
Epoch      1, Step    353: G-Loss =    0.018
Epoch      1, Step    354: G-Loss =    0.037
Epoch      1, Step    355: G-Loss =    0.051
Epoch      1, Step    356: G-Loss =    0.080
Epoch      1, Step    357: G-Loss =    0.018
Epoch      1, Step    358: G-Loss =    0.063
Epoch      1, Step    359: G-Loss =    0.054
Epoch      1, Step    360: G-Loss =    0.013
Epoch      1, Step    361: G-Loss =    0.078
Epoch      1, Step    362: G-Loss =    0.058
Epoch      1, Step    363: G-Loss =    0.007
Epoch      1, Step    364: G-Loss =    0.004
Epoch      1, Step    365: G-Loss =    0.018
Epoch      1, Step    366: G-Loss =    0.019
Epoch      1, Step    367: G-Loss =    0.018
Epoch      1, Step    368: G-Loss =    0.023
Epoch      1, Step    369: G-Loss =    0.006
Epoch      1, Step    370: G-Loss =    0.008
Epoch      1, Step    371: G-Loss =    0.004
Epoch      1, Step    372: G-Loss =    0.005
Epoch      1, Step    373: G-Loss =    0.004
Epoch      1, Step    374: G-Loss =    0.026
Epoch      1, Step    375: G-Loss =    0.108
Epoch      1, Step    376: G-Loss =    0.142
Epoch      1, Step    377: G-Loss =    0.005
Epoch      1, Step    378: G-Loss =    0.005
Epoch      1, Step    379: G-Loss =    0.004
Epoch      1, Step    380: G-Loss =    0.047
Epoch      1, Step    381: G-Loss =    0.005
Epoch      1, Step    382: G-Loss =    0.184
Epoch      1, Step    383: G-Loss =    0.005
Epoch      1, Step    384: G-Loss =    0.084
Epoch      1, Step    385: G-Loss =    0.098
Epoch      1, Step    386: G-Loss =    0.049
Epoch      1, Step    387: G-Loss =    0.005
Epoch      1, Step    388: G-Loss =    0.004
Epoch      1, Step    389: G-Loss =    0.006
Epoch      1, Step    390: G-Loss =    0.004
Epoch      1, Step    391: G-Loss =    0.005
Epoch      1, Step    392: G-Loss =    0.004
Epoch      1, Step    393: G-Loss =    0.003
Epoch      1, Step    394: G-Loss =    0.003
Epoch      1, Step    395: G-Loss =    0.045
Epoch      1, Step    396: G-Loss =    0.007
Epoch      1, Step    397: G-Loss =    0.007
Epoch      1, Step    398: G-Loss =    0.010
Epoch      1, Step    399: G-Loss =    0.058
Epoch      1, Step    400: G-Loss =    0.299
Epoch      1, Step    401: G-Loss =    0.062
Epoch      1, Step    402: G-Loss =    0.066
Epoch      1, Step    403: G-Loss =    0.004
Epoch      1, Step    404: G-Loss =    0.011
Epoch      1, Step    405: G-Loss =    0.036
Epoch      1, Step    406: G-Loss =    0.359
Epoch      1, Step    407: G-Loss =    0.007
Epoch      1, Step    408: G-Loss =    0.018
Epoch      1, Step    409: G-Loss =    0.005
Epoch      1, Step    410: G-Loss =    0.082
Epoch      1, Step    411: G-Loss =    0.132
Epoch      1, Step    412: G-Loss =    0.075
Epoch      1, Step    413: G-Loss =    0.020
Epoch      1, Step    414: G-Loss =    0.023
Epoch      1, Step    415: G-Loss =    0.063
Epoch      1, Step    416: G-Loss =    0.007
Epoch      1, Step    417: G-Loss =    0.175
Epoch      1, Step    418: G-Loss =    0.007
Epoch      1, Step    419: G-Loss =    0.020
Epoch      1, Step    420: G-Loss =    0.007
Epoch      1, Step    421: G-Loss =    0.099
Epoch      1, Step    422: G-Loss =    0.013
Epoch      1, Step    423: G-Loss =    0.103
Epoch      1, Step    424: G-Loss =    0.006
Epoch      1, Step    425: G-Loss =    0.014
Epoch      1, Step    426: G-Loss =    0.007
Epoch      1, Step    427: G-Loss =    0.086
Epoch      1, Step    428: G-Loss =    0.005
Epoch      1, Step    429: G-Loss =    0.007
Epoch      1, Step    430: G-Loss =    0.006
Epoch      1, Step    431: G-Loss =    0.021
Epoch      1, Step    432: G-Loss =    0.006
Epoch      1, Step    433: G-Loss =    0.006
Epoch      1, Step    434: G-Loss =    0.053
Epoch      1, Step    435: G-Loss =    0.067
Epoch      1, Step    436: G-Loss =    0.011
Epoch      1, Step    437: G-Loss =    0.135
Epoch      1, Step    438: G-Loss =    0.005
Epoch      1, Step    439: G-Loss =    0.017
Epoch      1, Step    440: G-Loss =    0.066
Epoch      1, Step    441: G-Loss =    0.004
Epoch      1, Step    442: G-Loss =    0.118
Epoch      1, Step    443: G-Loss =    0.007
Epoch      1, Step    444: G-Loss =    0.009
Epoch      1, Step    445: G-Loss =    0.015
Epoch      1, Step    446: G-Loss =    0.036
Epoch      1, Step    447: G-Loss =    0.034
Epoch      1, Step    448: G-Loss =    0.006
Epoch      1, Step    449: G-Loss =    0.015
Epoch      1, Step    450: G-Loss =    0.010
Epoch      1, Step    451: G-Loss =    0.014
Epoch      1, Step    452: G-Loss =    0.094
Epoch      1, Step    453: G-Loss =    0.035
Epoch      1, Step    454: G-Loss =    0.077
Epoch      1, Step    455: G-Loss =    0.124
Epoch      1, Step    456: G-Loss =    0.016
Epoch      1, Step    457: G-Loss =    0.064
Epoch      1, Step    458: G-Loss =    0.022
Epoch      1, Step    459: G-Loss =    0.021
Epoch      1, Step    460: G-Loss =    0.042
Epoch      1, Step    461: G-Loss =    0.011
Epoch      1, Step    462: G-Loss =    0.071
Epoch      1, Step    463: G-Loss =    0.026
Epoch      1, Step    464: G-Loss =    0.018
Epoch      1, Step    465: G-Loss =    0.088
Epoch      1, Step    466: G-Loss =    0.026
Epoch      1, Step    467: G-Loss =    0.052
Epoch      1, Step    468: G-Loss =    0.017
Epoch      1, Step    469: G-Loss =    0.008
Epoch      1, Step    470: G-Loss =    0.010
Epoch      1, Step    471: G-Loss =    0.178
Epoch      1, Step    472: G-Loss =    0.007
Epoch      1, Step    473: G-Loss =    0.018
Epoch      1, Step    474: G-Loss =    0.012
Epoch      1, Step    475: G-Loss =    0.048
Epoch      1, Step    476: G-Loss =    0.062
Epoch      1, Step    477: G-Loss =    0.013
Epoch      1, Step    478: G-Loss =    0.014
Epoch      1, Step    479: G-Loss =    0.141
Epoch      1, Step    480: G-Loss =    0.011
Epoch      1, Step    481: G-Loss =    0.091
Epoch      1, Step    482: G-Loss =    0.009
Epoch      1, Step    483: G-Loss =    0.055
Epoch      1, Step    484: G-Loss =    0.064
Epoch      1, Step    485: G-Loss =    0.010
Epoch      1, Step    486: G-Loss =    0.027
Epoch      1, Step    487: G-Loss =    0.034
Epoch      1, Step    488: G-Loss =    0.014
Epoch      1, Step    489: G-Loss =    0.024
Epoch      1, Step    490: G-Loss =    0.011
Epoch      1, Step    491: G-Loss =    0.023
Epoch      1, Step    492: G-Loss =    0.017
Epoch      1, Step    493: G-Loss =    0.011
Epoch      1, Step    494: G-Loss =    0.052
Epoch      1, Step    495: G-Loss =    0.020
Epoch      1, Step    496: G-Loss =    0.010
Epoch      1, Step    497: G-Loss =    0.019
Epoch      1, Step    498: G-Loss =    0.100
Epoch      1, Step    499: G-Loss =    0.015
Epoch      1, Step    500: G-Loss =    0.045
Epoch      1, Step    501: G-Loss =    0.082
Epoch      1, Step    502: G-Loss =    0.012
Epoch      1, Step    503: G-Loss =    0.028
Epoch      1, Step    504: G-Loss =    0.083
Epoch      1, Step    505: G-Loss =    0.028
Epoch      1, Step    506: G-Loss =    0.045
Epoch      1, Step    507: G-Loss =    0.041
Epoch      1, Step    508: G-Loss =    0.078
Epoch      1, Step    509: G-Loss =    0.099
Epoch      1, Step    510: G-Loss =    0.260
Epoch      1, Step    511: G-Loss =    0.045
Epoch      1, Step    512: G-Loss =    0.123
Epoch      1, Step    513: G-Loss =    0.029
Epoch      1, Step    514: G-Loss =    0.166
Epoch      1, Step    515: G-Loss =    0.115
Epoch      1, Step    516: G-Loss =    0.306
Epoch      1, Step    517: G-Loss =    0.304
Epoch      1, Step    518: G-Loss =    0.125
Epoch      1, Step    519: G-Loss =    0.051
Epoch      1, Step    520: G-Loss =    0.067
Epoch      1, Step    521: G-Loss =    0.090
Epoch      1, Step    522: G-Loss =    0.040
Epoch      1, Step    523: G-Loss =    0.011
Epoch      1, Step    524: G-Loss =    0.017
Epoch      1, Step    525: G-Loss =    0.158
Epoch      1, Step    526: G-Loss =    0.086
Epoch      1, Step    527: G-Loss =    0.102
Epoch      1, Step    528: G-Loss =    0.084
Epoch      1, Step    529: G-Loss =    0.018
Epoch      1, Step    530: G-Loss =    0.066
Epoch      1, Step    531: G-Loss =    0.037
Epoch      1, Step    532: G-Loss =    0.076
Epoch      1, Step    533: G-Loss =    0.119
Epoch      1, Step    534: G-Loss =    0.044
Epoch      1, Step    535: G-Loss =    0.062
Epoch      1, Step    536: G-Loss =    0.024
Epoch      1, Step    537: G-Loss =    0.102
Epoch      1, Step    538: G-Loss =    0.021
Epoch      1, Step    539: G-Loss =    0.015
Epoch      1, Step    540: G-Loss =    0.015
Epoch      1, Step    541: G-Loss =    0.016
Epoch      1, Step    542: G-Loss =    0.073
Epoch      1, Step    543: G-Loss =    0.019
Epoch      1, Step    544: G-Loss =    0.033
Epoch      1, Step    545: G-Loss =    0.026
Epoch      1, Step    546: G-Loss =    0.010
Epoch      1, Step    547: G-Loss =    0.007
Epoch      1, Step    548: G-Loss =    0.060
Epoch      1, Step    549: G-Loss =    0.015
Epoch      1, Step    550: G-Loss =    0.114
Epoch      1, Step    551: G-Loss =    0.012
Epoch      1, Step    552: G-Loss =    0.059
Epoch      1, Step    553: G-Loss =    0.034
Epoch      1, Step    554: G-Loss =    0.008
Epoch      1, Step    555: G-Loss =    0.028
Epoch      1, Step    556: G-Loss =    0.036
Epoch      1, Step    557: G-Loss =    0.056
Epoch      1, Step    558: G-Loss =    0.013
Epoch      1, Step    559: G-Loss =    0.065
Epoch      1, Step    560: G-Loss =    0.017
Epoch      1, Step    561: G-Loss =    0.062
Epoch      1, Step    562: G-Loss =    0.098
Epoch      1, Step    563: G-Loss =    0.028
Epoch      1, Step    564: G-Loss =    0.191
Epoch      1, Step    565: G-Loss =    0.129
Epoch      1, Step    566: G-Loss =    0.056
Epoch      1, Step    567: G-Loss =    0.059
Epoch      1, Step    568: G-Loss =    0.017
Epoch      1, Step    569: G-Loss =    0.016
Epoch      1, Step    570: G-Loss =    0.137
Epoch      1, Step    571: G-Loss =    0.045
Epoch      1, Step    572: G-Loss =    0.052
Epoch      1, Step    573: G-Loss =    0.215
Epoch      1, Step    574: G-Loss =    0.006
Epoch      1, Step    575: G-Loss =    0.006
Epoch      1, Step    576: G-Loss =    0.039
Epoch      1, Step    577: G-Loss =    0.011
Epoch      1, Step    578: G-Loss =    0.005
Epoch      1, Step    579: G-Loss =    0.007
Epoch      1, Step    580: G-Loss =    0.031
Epoch      1, Step    581: G-Loss =    0.098
Epoch      1, Step    582: G-Loss =    0.005
Epoch      1, Step    583: G-Loss =    0.006
Epoch      1, Step    584: G-Loss =    0.005
Epoch      1, Step    585: G-Loss =    0.037
Epoch      1, Step    586: G-Loss =    0.061
Epoch      1, Step    587: G-Loss =    0.004
Epoch      1, Step    588: G-Loss =    0.006
Epoch      1, Step    589: G-Loss =    0.004
Epoch      1, Step    590: G-Loss =    0.082
Epoch      1, Step    591: G-Loss =    0.005
Epoch      1, Step    592: G-Loss =    0.059
Epoch      1, Step    593: G-Loss =    0.003
Epoch      1, Step    594: G-Loss =    0.003
Epoch      1, Step    595: G-Loss =    0.006
Epoch      1, Step    596: G-Loss =    0.048
Epoch      1, Step    597: G-Loss =    0.003
Epoch      1, Step    598: G-Loss =    0.003
Epoch      1, Step    599: G-Loss =    0.173
Epoch      1, Step    600: G-Loss =    0.004
Epoch      1, Step    601: G-Loss =    0.002
Epoch      1, Step    602: G-Loss =    0.065
Epoch      1, Step    603: G-Loss =    0.004
Epoch      1, Step    604: G-Loss =    0.005
Epoch      1, Step    605: G-Loss =    0.004
Epoch      1, Step    606: G-Loss =    0.004
Epoch      1, Step    607: G-Loss =    0.036
Epoch      1, Step    608: G-Loss =    0.003
Epoch      1, Step    609: G-Loss =    0.009
Epoch      1, Step    610: G-Loss =    0.002
Epoch      1, Step    611: G-Loss =    0.003
Epoch      1, Step    612: G-Loss =    0.004
Epoch      1, Step    613: G-Loss =    0.003
Epoch      1, Step    614: G-Loss =    0.003
Epoch      1, Step    615: G-Loss =    0.030
Epoch      1, Step    616: G-Loss =    0.044
Epoch      1, Step    617: G-Loss =    0.033
Epoch      1, Step    618: G-Loss =    0.002
Epoch      1, Step    619: G-Loss =    0.075
Epoch      1, Step    620: G-Loss =    0.034
Epoch      1, Step    621: G-Loss =    0.014
Epoch      1, Step    622: G-Loss =    0.012
Epoch      1, Step    623: G-Loss =    0.038
Epoch      1, Step    624: G-Loss =    0.019
Epoch      1, Step    625: G-Loss =    0.035
Epoch      1, Step    626: G-Loss =    0.032
Epoch      1, Step    627: G-Loss =    0.002
Epoch      1, Step    628: G-Loss =    0.004
Epoch      1, Step    629: G-Loss =    0.003
Epoch      1, Step    630: G-Loss =    0.004
Epoch      1, Step    631: G-Loss =    0.048
Epoch      1, Step    632: G-Loss =    0.003
Epoch      1, Step    633: G-Loss =    0.004
Epoch      1, Step    634: G-Loss =    0.002
Epoch      1, Step    635: G-Loss =    0.003
Epoch      1, Step    636: G-Loss =    0.002
Epoch      1, Step    637: G-Loss =    0.003
Epoch      1, Step    638: G-Loss =    0.002
Epoch      1, Step    639: G-Loss =    0.016
Epoch      1, Step    640: G-Loss =    0.059
Epoch      1, Step    641: G-Loss =    0.002
Epoch      1, Step    642: G-Loss =    0.002
Epoch      1, Step    643: G-Loss =    0.224
Epoch      1, Step    644: G-Loss =    0.002
Epoch      1, Step    645: G-Loss =    0.108
Epoch      1, Step    646: G-Loss =    0.004
Epoch      1, Step    647: G-Loss =    0.004
Epoch      1, Step    648: G-Loss =    0.003
Epoch      1, Step    649: G-Loss =    0.062
Epoch      1, Step    650: G-Loss =    0.008
Epoch      1, Step    651: G-Loss =    0.006
Epoch      1, Step    652: G-Loss =    0.007
Epoch      1, Step    653: G-Loss =    0.005
Epoch      1, Step    654: G-Loss =    0.004
Epoch      1, Step    655: G-Loss =    0.004
Epoch      1, Step    656: G-Loss =    0.013
Epoch      1, Step    657: G-Loss =    0.011
Epoch      1, Step    658: G-Loss =    0.008
Epoch      1, Step    659: G-Loss =    0.050
Epoch      1, Step    660: G-Loss =    0.118
Epoch      1, Step    661: G-Loss =    0.015
Epoch      1, Step    662: G-Loss =    0.040
Epoch      1, Step    663: G-Loss =    0.026
Epoch      1, Step    664: G-Loss =    0.154
Epoch      1, Step    665: G-Loss =    0.068
Epoch      1, Step    666: G-Loss =    0.025
Epoch      1, Step    667: G-Loss =    0.006
Epoch      1, Step    668: G-Loss =    0.064
Epoch      1, Step    669: G-Loss =    0.037
Epoch      1, Step    670: G-Loss =    0.014
Epoch      1, Step    671: G-Loss =    0.138
Epoch      1, Step    672: G-Loss =    0.012
Epoch      1, Step    673: G-Loss =    0.056
Epoch      1, Step    674: G-Loss =    0.115
Epoch      1, Step    675: G-Loss =    0.009
Epoch      1, Step    676: G-Loss =    0.030
Epoch      1, Step    677: G-Loss =    0.097
Epoch      1, Step    678: G-Loss =    0.015
Epoch      1, Step    679: G-Loss =    0.010
Epoch      1, Step    680: G-Loss =    0.014
Epoch      1, Step    681: G-Loss =    0.041
Epoch      1, Step    682: G-Loss =    0.027
Epoch      1, Step    683: G-Loss =    0.082
Epoch      1, Step    684: G-Loss =    0.015
Epoch      1, Step    685: G-Loss =    0.060
Epoch      1, Step    686: G-Loss =    0.111
Epoch      1, Step    687: G-Loss =    0.016
Epoch      1, Step    688: G-Loss =    0.080
Epoch      1, Step    689: G-Loss =    0.028
Epoch      1, Step    690: G-Loss =    0.035
Epoch      1, Step    691: G-Loss =    0.430
Epoch      1, Step    692: G-Loss =    0.010
Epoch      1, Step    693: G-Loss =    0.080
Epoch      1, Step    694: G-Loss =    0.072
Epoch      1, Step    695: G-Loss =    0.132
Epoch      1, Step    696: G-Loss =    0.080
Epoch      1, Step    697: G-Loss =    0.046
Epoch      1, Step    698: G-Loss =    0.048
Epoch      1, Step    699: G-Loss =    0.147
Epoch      1, Step    700: G-Loss =    0.140
Epoch      1, Step    701: G-Loss =    0.025
Epoch      1, Step    702: G-Loss =    0.025
Epoch      1, Step    703: G-Loss =    0.050
Epoch      1, Step    704: G-Loss =    0.031
Epoch      1, Step    705: G-Loss =    0.183
Epoch      1, Step    706: G-Loss =    0.144
Epoch      1, Step    707: G-Loss =    0.189
Epoch      1, Step    708: G-Loss =    0.088
Epoch      1, Step    709: G-Loss =    0.104
Epoch      1, Step    710: G-Loss =    0.178
Epoch      1, Step    711: G-Loss =    0.039
Epoch      1, Step    712: G-Loss =    0.080
Epoch      1, Step    713: G-Loss =    0.256
Epoch      1, Step    714: G-Loss =    0.277
Epoch      1, Step    715: G-Loss =    0.421
Epoch      1, Step    716: G-Loss =    0.138
Epoch      1, Step    717: G-Loss =    0.208
Epoch      1, Step    718: G-Loss =    0.109
Epoch      1, Step    719: G-Loss =    0.083
Epoch      1, Step    720: G-Loss =    0.297
Epoch      1, Step    721: G-Loss =    0.100
Epoch      1, Step    722: G-Loss =    0.127
Epoch      1, Step    723: G-Loss =    0.281
Epoch      1, Step    724: G-Loss =    0.139
Epoch      1, Step    725: G-Loss =    0.206
Epoch      1, Step    726: G-Loss =    0.149
Epoch      1, Step    727: G-Loss =    0.182
Epoch      1, Step    728: G-Loss =    0.211
Epoch      1, Step    729: G-Loss =    0.113
Epoch      1, Step    730: G-Loss =    0.242
Epoch      1, Step    731: G-Loss =    0.190
Epoch      1, Step    732: G-Loss =    0.168
Epoch      1, Step    733: G-Loss =    0.183
Epoch      1, Step    734: G-Loss =    0.094
Epoch      1, Step    735: G-Loss =    0.068
Epoch      1, Step    736: G-Loss =    0.089
Epoch      1, Step    737: G-Loss =    0.051
Epoch      1, Step    738: G-Loss =    0.070
Epoch      1, Step    739: G-Loss =    0.063
Epoch      1, Step    740: G-Loss =    0.046
Epoch      1, Step    741: G-Loss =    0.040
Epoch      1, Step    742: G-Loss =    0.041
Epoch      1, Step    743: G-Loss =    0.033
Epoch      1, Step    744: G-Loss =    0.032
Epoch      1, Step    745: G-Loss =    0.029
Epoch      1, Step    746: G-Loss =    0.024
Epoch      1, Step    747: G-Loss =    0.027
Epoch      1, Step    748: G-Loss =    0.019
Epoch      1, Step    749: G-Loss =    0.020
Epoch      1, Step    750: G-Loss =    0.016
Epoch      1, Step    751: G-Loss =    0.017
Epoch      1, Step    752: G-Loss =    0.017
Epoch      1, Step    753: G-Loss =    0.015
Epoch      1, Step    754: G-Loss =    0.039
Epoch      1, Step    755: G-Loss =    0.013
Epoch      1, Step    756: G-Loss =    0.013
Epoch      1, Step    757: G-Loss =    0.027
Epoch      1, Step    758: G-Loss =    0.013
Epoch      1, Step    759: G-Loss =    0.009
Epoch      1, Step    760: G-Loss =    0.012
Epoch      1, Step    761: G-Loss =    0.012
Epoch      1, Step    762: G-Loss =    0.010
Epoch      1, Step    763: G-Loss =    0.010
Epoch      1, Step    764: G-Loss =    0.008
Epoch      1, Step    765: G-Loss =    0.009
Epoch      1, Step    766: G-Loss =    0.009
Epoch      1, Step    767: G-Loss =    0.007
Epoch      1, Step    768: G-Loss =    0.008
Epoch      1, Step    769: G-Loss =    0.008
Epoch      1, Step    770: G-Loss =    0.008
Epoch      1, Step    771: G-Loss =    0.007
Epoch      1, Step    772: G-Loss =    0.007
Epoch      1, Step    773: G-Loss =    0.007
Epoch      1, Step    774: G-Loss =    0.007
Epoch      1, Step    775: G-Loss =    0.006
Epoch      1, Step    776: G-Loss =    0.006
Epoch      1, Step    777: G-Loss =    0.006
Epoch      1, Step    778: G-Loss =    0.005
Epoch      1, Step    779: G-Loss =    0.006
Epoch      1, Step    780: G-Loss =    0.005
Epoch      1, Step    781: G-Loss =    0.005
Epoch      1, Step    782: G-Loss =    0.006
Epoch      1, Step    783: G-Loss =    0.006
Epoch      1, Step    784: G-Loss =    0.005
Epoch      1, Step    785: G-Loss =    0.006
Epoch      1, Step    786: G-Loss =    0.006
Epoch      1, Step    787: G-Loss =    0.005
Epoch      1, Step    788: G-Loss =    0.005
Epoch      1, Step    789: G-Loss =    0.005
Epoch      1, Step    790: G-Loss =    0.005
Epoch      1, Step    791: G-Loss =    0.004
Epoch      1, Step    792: G-Loss =    0.005
Epoch      1, Step    793: G-Loss =    0.004
Epoch      1, Step    794: G-Loss =    0.004
Epoch      1, Step    795: G-Loss =    0.004
Epoch      1, Step    796: G-Loss =    0.004
Epoch      1, Step    797: G-Loss =    0.004
Epoch      1, Step    798: G-Loss =    0.004
Epoch      1, Step    799: G-Loss =    0.004
Epoch      1, Step    800: G-Loss =    0.004
Epoch      1, Step    801: G-Loss =    0.004
Epoch      1, Step    802: G-Loss =    0.003
Epoch      1, Step    803: G-Loss =    0.004
Epoch      1, Step    804: G-Loss =    0.003
Epoch      1, Step    805: G-Loss =    0.003
Epoch      1, Step    806: G-Loss =    0.004
Epoch      1, Step    807: G-Loss =    0.004
Epoch      1, Step    808: G-Loss =    0.003
Epoch      1, Step    809: G-Loss =    0.003
Epoch      1, Step    810: G-Loss =    0.004
Epoch      1, Step    811: G-Loss =    0.003
Epoch      1, Step    812: G-Loss =    0.003
Epoch      1, Step    813: G-Loss =    0.004
Epoch      1, Step    814: G-Loss =    0.003
Epoch      1, Step    815: G-Loss =    0.003
Epoch      1, Step    816: G-Loss =    0.003
Epoch      1, Step    817: G-Loss =    0.003
Epoch      1, Step    818: G-Loss =    0.003
Epoch      1, Step    819: G-Loss =    0.003
Epoch      1, Step    820: G-Loss =    0.004
Epoch      1, Step    821: G-Loss =    0.004
Epoch      1, Step    822: G-Loss =    0.003
Epoch      1, Step    823: G-Loss =    0.003
Epoch      1, Step    824: G-Loss =    0.003
Epoch      1, Step    825: G-Loss =    0.003
Epoch      1, Step    826: G-Loss =    0.003
Epoch      1, Step    827: G-Loss =    0.003
Epoch      1, Step    828: G-Loss =    0.003
Epoch      1, Step    829: G-Loss =    0.003
Epoch      1, Step    830: G-Loss =    0.003
Epoch      1, Step    831: G-Loss =    0.003
Epoch      1, Step    832: G-Loss =    0.003
Epoch      1, Step    833: G-Loss =    0.003
Epoch      1, Step    834: G-Loss =    0.002
Epoch      1, Step    835: G-Loss =    0.003
Epoch      1, Step    836: G-Loss =    0.003
Epoch      1, Step    837: G-Loss =    0.002
Epoch      1, Step    838: G-Loss =    0.003
Epoch      1, Step    839: G-Loss =    0.002
Epoch      1, Step    840: G-Loss =    0.002
Epoch      1, Step    841: G-Loss =    0.002
Epoch      1, Step    842: G-Loss =    0.002
Epoch      1, Step    843: G-Loss =    0.002
Epoch      1, Step    844: G-Loss =    0.002
Epoch      1, Step    845: G-Loss =    0.002
Epoch      1, Step    846: G-Loss =    0.002
Epoch      1, Step    847: G-Loss =    0.002
Epoch      1, Step    848: G-Loss =    0.002
Epoch      1, Step    849: G-Loss =    0.002
Epoch      1, Step    850: G-Loss =    0.002
Epoch      1, Step    851: G-Loss =    0.002
Epoch      1, Step    852: G-Loss =    0.003
Epoch      1, Step    853: G-Loss =    0.002
Epoch      1, Step    854: G-Loss =    0.002
Epoch      1, Step    855: G-Loss =    0.002
Epoch      1, Step    856: G-Loss =    0.002
Epoch      1, Step    857: G-Loss =    0.002
Epoch      1, Step    858: G-Loss =    0.002
Epoch      1, Step    859: G-Loss =    0.002
Epoch      1, Step    860: G-Loss =    0.002
Epoch      1, Step    861: G-Loss =    0.002
Epoch      1, Step    862: G-Loss =    0.002
Epoch      1, Step    863: G-Loss =    0.002
Epoch      1, Step    864: G-Loss =    0.002
Epoch      1, Step    865: G-Loss =    0.003
Epoch      1, Step    866: G-Loss =    0.002
Epoch      1, Step    867: G-Loss =    0.002
Epoch      1, Step    868: G-Loss =    0.002
Epoch      1, Step    869: G-Loss =    0.002
Epoch      1, Step    870: G-Loss =    0.002
Epoch      1, Step    871: G-Loss =    0.002
Epoch      1, Step    872: G-Loss =    0.002
Epoch      1, Step    873: G-Loss =    0.002
Epoch      1, Step    874: G-Loss =    0.002
Epoch      1, Step    875: G-Loss =    0.002
Epoch      1, Step    876: G-Loss =    0.002
Epoch      1, Step    877: G-Loss =    0.002
Epoch      1, Step    878: G-Loss =    0.002
Epoch      1, Step    879: G-Loss =    0.002
Epoch      1, Step    880: G-Loss =    0.002
Epoch      1, Step    881: G-Loss =    0.002
Epoch      1, Step    882: G-Loss =    0.002
Epoch      1, Step    883: G-Loss =    0.002
Epoch      1, Step    884: G-Loss =    0.002
Epoch      1, Step    885: G-Loss =    0.002
Epoch      1, Step    886: G-Loss =    0.002
Epoch      1, Step    887: G-Loss =    0.003
Epoch      1, Step    888: G-Loss =    0.002
Epoch      1, Step    889: G-Loss =    0.002
Epoch      1, Step    890: G-Loss =    0.002
Epoch      1, Step    891: G-Loss =    0.002
Epoch      1, Step    892: G-Loss =    0.002
Epoch      1, Step    893: G-Loss =    0.002
Epoch      1, Step    894: G-Loss =    0.002
Epoch      1, Step    895: G-Loss =    0.002
Epoch      1, Step    896: G-Loss =    0.002
Epoch      1, Step    897: G-Loss =    0.002
Epoch      1, Step    898: G-Loss =    0.002
Epoch      1, Step    899: G-Loss =    0.002
Epoch      1, Step    900: G-Loss =    0.002
Epoch      1, Step    901: G-Loss =    0.001
Epoch      1, Step    902: G-Loss =    0.001
Epoch      1, Step    903: G-Loss =    0.002
Epoch      1, Step    904: G-Loss =    0.002
Epoch      1, Step    905: G-Loss =    0.002
Epoch      1, Step    906: G-Loss =    0.002
Epoch      1, Step    907: G-Loss =    0.002
Epoch      1, Step    908: G-Loss =    0.002
Epoch      1, Step    909: G-Loss =    0.002
Epoch      1, Step    910: G-Loss =    0.001
Epoch      1, Step    911: G-Loss =    0.002
Epoch      1, Step    912: G-Loss =    0.001
Epoch      1, Step    913: G-Loss =    0.002
Epoch      1, Step    914: G-Loss =    0.001
Epoch      1, Step    915: G-Loss =    0.001
Epoch      1, Step    916: G-Loss =    0.001
Epoch      1, Step    917: G-Loss =    0.002
Epoch      1, Step    918: G-Loss =    0.001
Epoch      1, Step    919: G-Loss =    0.001
Epoch      1, Step    920: G-Loss =    0.002
Epoch      1, Step    921: G-Loss =    0.001
Epoch      1, Step    922: G-Loss =    0.001
Epoch      1, Step    923: G-Loss =    0.002
Epoch      1, Step    924: G-Loss =    0.002
Epoch      1, Step    925: G-Loss =    0.001
Epoch      1, Step    926: G-Loss =    0.001
Epoch      1, Step    927: G-Loss =    0.001
Epoch      1, Step    928: G-Loss =    0.002
Epoch      1, Step    929: G-Loss =    0.002
Epoch      1, Step    930: G-Loss =    0.002
Epoch      1, Step    931: G-Loss =    0.001
Epoch      1, Step    932: G-Loss =    0.001
Epoch      1, Step    933: G-Loss =    0.001
Epoch      1, Step    934: G-Loss =    0.001
Epoch      1, Step    935: G-Loss =    0.001
Epoch      1, Step    936: G-Loss =    0.001
Epoch      1, Step    937: G-Loss =    0.002
Epoch      1, Step    938: G-Loss =    0.001
Epoch      1, Step    939: G-Loss =    0.001
Epoch      1, Step    940: G-Loss =    0.001
Epoch      1, Step    941: G-Loss =    0.001
Epoch      1, Step    942: G-Loss =    0.001
Epoch      1, Step    943: G-Loss =    0.001
Epoch      1, Step    944: G-Loss =    0.001
Epoch      1, Step    945: G-Loss =    0.001
Epoch      1, Step    946: G-Loss =    0.001
Epoch      1, Step    947: G-Loss =    0.001
Epoch      1, Step    948: G-Loss =    0.001
Epoch      1, Step    949: G-Loss =    0.001
Epoch      1, Step    950: G-Loss =    0.001
Epoch      1, Step    951: G-Loss =    0.001
Epoch      1, Step    952: G-Loss =    0.001
Epoch      1, Step    953: G-Loss =    0.001
Epoch      1, Step    954: G-Loss =    0.001
Epoch      1, Step    955: G-Loss =    0.001
Epoch      1, Step    956: G-Loss =    0.001
Epoch      1, Step    957: G-Loss =    0.001
Epoch      1, Step    958: G-Loss =    0.001
Epoch      1, Step    959: G-Loss =    0.001
Epoch      1, Step    960: G-Loss =    0.001
Epoch      1, Step    961: G-Loss =    0.001
Epoch      1, Step    962: G-Loss =    0.001
Epoch      1, Step    963: G-Loss =    0.001
Epoch      1, Step    964: G-Loss =    0.001
Epoch      1, Step    965: G-Loss =    0.001
Epoch      1, Step    966: G-Loss =    0.001
Epoch      1, Step    967: G-Loss =    0.001
Epoch      1, Step    968: G-Loss =    0.001
Epoch      1, Step    969: G-Loss =    0.001
Epoch      1, Step    970: G-Loss =    0.001
Epoch      1, Step    971: G-Loss =    0.001
Epoch      1, Step    972: G-Loss =    0.001
Epoch      1, Step    973: G-Loss =    0.001
Epoch      1, Step    974: G-Loss =    0.001
Epoch      1, Step    975: G-Loss =    0.001
Epoch      1, Step    976: G-Loss =    0.001
Epoch      1, Step    977: G-Loss =    0.001
Epoch      1, Step    978: G-Loss =    0.001
Epoch      1, Step    979: G-Loss =    0.001
Epoch      1, Step    980: G-Loss =    0.001
Epoch      1, Step    981: G-Loss =    0.001
Epoch      1, Step    982: G-Loss =    0.001
Epoch      1, Step    983: G-Loss =    0.001
Epoch      1, Step    984: G-Loss =    0.001
Epoch      1, Step    985: G-Loss =    0.001
Epoch      1, Step    986: G-Loss =    0.001
Epoch      1, Step    987: G-Loss =    0.001
Epoch      1, Step    988: G-Loss =    0.002
Epoch      1, Step    989: G-Loss =    0.001
Epoch      1, Step    990: G-Loss =    0.001
Epoch      1, Step    991: G-Loss =    0.001
Epoch      1, Step    992: G-Loss =    0.001
Epoch      1, Step    993: G-Loss =    0.001
Epoch      1, Step    994: G-Loss =    0.001
Epoch      1, Step    995: G-Loss =    0.001
Epoch      1, Step    996: G-Loss =    0.001
Epoch      1, Step    997: G-Loss =    0.001
Epoch      1, Step    998: G-Loss =    0.001
Epoch      1, Step    999: G-Loss =    0.001
Epoch      1, Step   1000: G-Loss =    0.001
Ground truth 1: <START> two women and a man wearing a pink shirt drink glasses filled with water .
Ground truth 2: <START> man about to cut another mans hair with dull scissors .
Ground truth 3: <START> a small girl in a teal rain coat and hat is holding an umbrella .
Ground truth 4: <START> a traffic light glows green yellow and red all at the same time .
Ground truth 5: <START> a mother sheep and two baby sheep standing on a lush green field .
Generated caption 1: a plate of food on a table .
Generated caption 2: a plate of food on a table .
Generated caption 3: a plate of food on a table .
Generated caption 4: a plate of food on a table .
Generated caption 5: a plate of food on a table .
Epoch      1, Step   1001: G-Loss =    0.001
Epoch      1, Step   1002: G-Loss =    0.001
Epoch      1, Step   1003: G-Loss =    0.001
Epoch      1, Step   1004: G-Loss =    0.001
Epoch      1, Step   1005: G-Loss =    0.001
Epoch      1, Step   1006: G-Loss =    0.001
Epoch      1, Step   1007: G-Loss =    0.001
Epoch      1, Step   1008: G-Loss =    0.001
Epoch      1, Step   1009: G-Loss =    0.001
Epoch      1, Step   1010: G-Loss =    0.001
Epoch      1, Step   1011: G-Loss =    0.001
Epoch      1, Step   1012: G-Loss =    0.001
Epoch      1, Step   1013: G-Loss =    0.001
Epoch      1, Step   1014: G-Loss =    0.001
Epoch      1, Step   1015: G-Loss =    0.001
Epoch      1, Step   1016: G-Loss =    0.001
Epoch      1, Step   1017: G-Loss =    0.001
Epoch      1, Step   1018: G-Loss =    0.001
Epoch      1, Step   1019: G-Loss =    0.001
Epoch      1, Step   1020: G-Loss =    0.001
Epoch      1, Step   1021: G-Loss =    0.001
Epoch      1, Step   1022: G-Loss =    0.001
Epoch      1, Step   1023: G-Loss =    0.001
Epoch      1, Step   1024: G-Loss =    0.001
Epoch      1, Step   1025: G-Loss =    0.001
Epoch      1, Step   1026: G-Loss =    0.001
Epoch      1, Step   1027: G-Loss =    0.001
Epoch      1, Step   1028: G-Loss =    0.001
Epoch      1, Step   1029: G-Loss =    0.001
Epoch      1, Step   1030: G-Loss =    0.001
Epoch      1, Step   1031: G-Loss =    0.001
Epoch      1, Step   1032: G-Loss =    0.001
Epoch      1, Step   1033: G-Loss =    0.001
Epoch      1, Step   1034: G-Loss =    0.001
Epoch      1, Step   1035: G-Loss =    0.001
Epoch      1, Step   1036: G-Loss =    0.001
Epoch      1, Step   1037: G-Loss =    0.001
Epoch      1, Step   1038: G-Loss =    0.001
Epoch      1, Step   1039: G-Loss =    0.001
Epoch      1, Step   1040: G-Loss =    0.001
Epoch      1, Step   1041: G-Loss =    0.001
Epoch      1, Step   1042: G-Loss =    0.001
Epoch      1, Step   1043: G-Loss =    0.001
Epoch      1, Step   1044: G-Loss =    0.001
Epoch      1, Step   1045: G-Loss =    0.001
Epoch      1, Step   1046: G-Loss =    0.001
Epoch      1, Step   1047: G-Loss =    0.001
Epoch      1, Step   1048: G-Loss =    0.001
Epoch      1, Step   1049: G-Loss =    0.001
Epoch      1, Step   1050: G-Loss =    0.001
Epoch      1, Step   1051: G-Loss =    0.001
Epoch      1, Step   1052: G-Loss =    0.001
Epoch      1, Step   1053: G-Loss =    0.001
Epoch      1, Step   1054: G-Loss =    0.001
Epoch      1, Step   1055: G-Loss =    0.001
Epoch      1, Step   1056: G-Loss =    0.001
Epoch      1, Step   1057: G-Loss =    0.001
Epoch      1, Step   1058: G-Loss =    0.001
Epoch      1, Step   1059: G-Loss =    0.001
Epoch      1, Step   1060: G-Loss =    0.001
Epoch      1, Step   1061: G-Loss =    0.001
Epoch      1, Step   1062: G-Loss =    0.001
Epoch      1, Step   1063: G-Loss =    0.001
Epoch      1, Step   1064: G-Loss =    0.001
Epoch      1, Step   1065: G-Loss =    0.001
Epoch      1, Step   1066: G-Loss =    0.001
Epoch      1, Step   1067: G-Loss =    0.001
Epoch      1, Step   1068: G-Loss =    0.001
Epoch      1, Step   1069: G-Loss =    0.001
Epoch      1, Step   1070: G-Loss =    0.001
Epoch      1, Step   1071: G-Loss =    0.001
Epoch      1, Step   1072: G-Loss =    0.001
Epoch      1, Step   1073: G-Loss =    0.001
Epoch      1, Step   1074: G-Loss =    0.001
Epoch      1, Step   1075: G-Loss =    0.001
Epoch      1, Step   1076: G-Loss =    0.001
Epoch      1, Step   1077: G-Loss =    0.001
Epoch      1, Step   1078: G-Loss =    0.001
Epoch      1, Step   1079: G-Loss =    0.001
Epoch      1, Step   1080: G-Loss =    0.001
Epoch      1, Step   1081: G-Loss =    0.001
Epoch      1, Step   1082: G-Loss =    0.001
Epoch      1, Step   1083: G-Loss =    0.001
Epoch      1, Step   1084: G-Loss =    0.001
Epoch      1, Step   1085: G-Loss =    0.001
Epoch      1, Step   1086: G-Loss =    0.001
Epoch      1, Step   1087: G-Loss =    0.001
Epoch      1, Step   1088: G-Loss =    0.001
Epoch      1, Step   1089: G-Loss =    0.001
Epoch      1, Step   1090: G-Loss =    0.001
Epoch      1, Step   1091: G-Loss =    0.001
Epoch      1, Step   1092: G-Loss =    0.001
Epoch      1, Step   1093: G-Loss =    0.001
Epoch      1, Step   1094: G-Loss =    0.001
Epoch      1, Step   1095: G-Loss =    0.001
Epoch      1, Step   1096: G-Loss =    0.001
Epoch      1, Step   1097: G-Loss =    0.001
Epoch      1, Step   1098: G-Loss =    0.001
Epoch      1, Step   1099: G-Loss =    0.001
Epoch      1, Step   1100: G-Loss =    0.001
Epoch      1, Step   1101: G-Loss =    0.001
Epoch      1, Step   1102: G-Loss =    0.001
Epoch      1, Step   1103: G-Loss =    0.001
Epoch      1, Step   1104: G-Loss =    0.001
Epoch      1, Step   1105: G-Loss =    0.001
Epoch      1, Step   1106: G-Loss =    0.001
Epoch      1, Step   1107: G-Loss =    0.001
Epoch      1, Step   1108: G-Loss =    0.001
Epoch      1, Step   1109: G-Loss =    0.001
Epoch      1, Step   1110: G-Loss =    0.001
Epoch      1, Step   1111: G-Loss =    0.001
Epoch      1, Step   1112: G-Loss =    0.001
Epoch      1, Step   1113: G-Loss =    0.001
Epoch      1, Step   1114: G-Loss =    0.001
Epoch      1, Step   1115: G-Loss =    0.001
Epoch      1, Step   1116: G-Loss =    0.001
Epoch      1, Step   1117: G-Loss =    0.001
Epoch      1, Step   1118: G-Loss =    0.001
Epoch      1, Step   1119: G-Loss =    0.001
Epoch      1, Step   1120: G-Loss =    0.001
Epoch      1, Step   1121: G-Loss =    0.001
Epoch      1, Step   1122: G-Loss =    0.001
Epoch      1, Step   1123: G-Loss =    0.001
Epoch      1, Step   1124: G-Loss =    0.001
Epoch      1, Step   1125: G-Loss =    0.001
Epoch      1, Step   1126: G-Loss =    0.001
Epoch      1, Step   1127: G-Loss =    0.001
Epoch      1, Step   1128: G-Loss =    0.001
Epoch      1, Step   1129: G-Loss =    0.001
Epoch      1, Step   1130: G-Loss =    0.001
Epoch      1, Step   1131: G-Loss =    0.001
Epoch      1, Step   1132: G-Loss =    0.001
Epoch      1, Step   1133: G-Loss =    0.001
Epoch      1, Step   1134: G-Loss =    0.001
Epoch      1, Step   1135: G-Loss =    0.001
Epoch      1, Step   1136: G-Loss =    0.001
Epoch      1, Step   1137: G-Loss =    0.001
Epoch      1, Step   1138: G-Loss =    0.001
Epoch      1, Step   1139: G-Loss =    0.001
Epoch      1, Step   1140: G-Loss =    0.001
Epoch      1, Step   1141: G-Loss =    0.001
Epoch      1, Step   1142: G-Loss =    0.001
Epoch      1, Step   1143: G-Loss =    0.001
Epoch      1, Step   1144: G-Loss =    0.001
Epoch      1, Step   1145: G-Loss =    0.001
Epoch      1, Step   1146: G-Loss =    0.001
Epoch      1, Step   1147: G-Loss =    0.001
Epoch      1, Step   1148: G-Loss =    0.001
Epoch      1, Step   1149: G-Loss =    0.001
Epoch      1, Step   1150: G-Loss =    0.001
Epoch      1, Step   1151: G-Loss =    0.001
Epoch      1, Step   1152: G-Loss =    0.001
Epoch      1, Step   1153: G-Loss =    0.001
Epoch      1, Step   1154: G-Loss =    0.001
Epoch      1, Step   1155: G-Loss =    0.001
Epoch      1, Step   1156: G-Loss =    0.001
Epoch      1, Step   1157: G-Loss =    0.001
Epoch      1, Step   1158: G-Loss =    0.001
Epoch      1, Step   1159: G-Loss =    0.001
Epoch      1, Step   1160: G-Loss =    0.001
Epoch      1, Step   1161: G-Loss =    0.001
Epoch      1, Step   1162: G-Loss =    0.001
Epoch      1, Step   1163: G-Loss =    0.001
Epoch      1, Step   1164: G-Loss =    0.001
Epoch      1, Step   1165: G-Loss =    0.001
Epoch      1, Step   1166: G-Loss =    0.001
Epoch      1, Step   1167: G-Loss =    0.001
Epoch      1, Step   1168: G-Loss =    0.001
Epoch      1, Step   1169: G-Loss =    0.001
Epoch      1, Step   1170: G-Loss =    0.001
Epoch      1, Step   1171: G-Loss =    0.001
Epoch      1, Step   1172: G-Loss =    0.001
Epoch      1, Step   1173: G-Loss =    0.001
Epoch      1, Step   1174: G-Loss =    0.001
Epoch      1, Step   1175: G-Loss =    0.001
Epoch      1, Step   1176: G-Loss =    0.001
Epoch      1, Step   1177: G-Loss =    0.001
Epoch      1, Step   1178: G-Loss =    0.001
Epoch      1, Step   1179: G-Loss =    0.001
Epoch      1, Step   1180: G-Loss =    0.001
Epoch      1, Step   1181: G-Loss =    0.001
Epoch      1, Step   1182: G-Loss =    0.001
Epoch      1, Step   1183: G-Loss =    0.001
Epoch      1, Step   1184: G-Loss =    0.001
Epoch      1, Step   1185: G-Loss =    0.001
Epoch      1, Step   1186: G-Loss =    0.001
Epoch      1, Step   1187: G-Loss =    0.001
Epoch      1, Step   1188: G-Loss =    0.001
Epoch      1, Step   1189: G-Loss =    0.001
Epoch      1, Step   1190: G-Loss =    0.001
Epoch      1, Step   1191: G-Loss =    0.001
Epoch      1, Step   1192: G-Loss =    0.001
Epoch      1, Step   1193: G-Loss =    0.001
Epoch      1, Step   1194: G-Loss =    0.001
Epoch      1, Step   1195: G-Loss =    0.001
Epoch      1, Step   1196: G-Loss =    0.001
Epoch      1, Step   1197: G-Loss =    0.001
Epoch      1, Step   1198: G-Loss =    0.001
Epoch      1, Step   1199: G-Loss =    0.001
Epoch      1, Step   1200: G-Loss =    0.001
Epoch      1, Step   1201: G-Loss =    0.001
Epoch      1, Step   1202: G-Loss =    0.001
Epoch      1, Step   1203: G-Loss =    0.001
Epoch      1, Step   1204: G-Loss =    0.001
Epoch      1, Step   1205: G-Loss =    0.001
Epoch      1, Step   1206: G-Loss =    0.001
Epoch      1, Step   1207: G-Loss =    0.001
Epoch      1, Step   1208: G-Loss =    0.001
Epoch      1, Step   1209: G-Loss =    0.001
Epoch      1, Step   1210: G-Loss =    0.001
Epoch      1, Step   1211: G-Loss =    0.001
Epoch      1, Step   1212: G-Loss =    0.001
Epoch      1, Step   1213: G-Loss =    0.001
Epoch      1, Step   1214: G-Loss =    0.001
Epoch      1, Step   1215: G-Loss =    0.001
Epoch      1, Step   1216: G-Loss =    0.001
Epoch      1, Step   1217: G-Loss =    0.001
Epoch      1, Step   1218: G-Loss =    0.001
Epoch      1, Step   1219: G-Loss =    0.001
Epoch      1, Step   1220: G-Loss =    0.001
Epoch      1, Step   1221: G-Loss =    0.001
Epoch      1, Step   1222: G-Loss =    0.001
Epoch      1, Step   1223: G-Loss =    0.001
Epoch      1, Step   1224: G-Loss =    0.001
Epoch      1, Step   1225: G-Loss =    0.001
Epoch      1, Step   1226: G-Loss =    0.001
Epoch      1, Step   1227: G-Loss =    0.001
Epoch      1, Step   1228: G-Loss =    0.001
Epoch      1, Step   1229: G-Loss =    0.001
Epoch      1, Step   1230: G-Loss =    0.001
Epoch      1, Step   1231: G-Loss =    0.001
Epoch      1, Step   1232: G-Loss =    0.001
Epoch      1, Step   1233: G-Loss =    0.001
Epoch      1, Step   1234: G-Loss =    0.001
Epoch      1, Step   1235: G-Loss =    0.001
Epoch      1, Step   1236: G-Loss =    0.001
Epoch      1, Step   1237: G-Loss =    0.001
Epoch      1, Step   1238: G-Loss =    0.001
Epoch      1, Step   1239: G-Loss =    0.001
Epoch      1, Step   1240: G-Loss =    0.001
Epoch      1, Step   1241: G-Loss =    0.001
Epoch      1, Step   1242: G-Loss =    0.001
Epoch      1, Step   1243: G-Loss =    0.001
Epoch      1, Step   1244: G-Loss =    0.001
Epoch      1, Step   1245: G-Loss =    0.001
Epoch      1, Step   1246: G-Loss =    0.001
Epoch      1, Step   1247: G-Loss =    0.001
Epoch      1, Step   1248: G-Loss =    0.001
Epoch      1, Step   1249: G-Loss =    0.001
Epoch      1, Step   1250: G-Loss =    0.001
Epoch      1, Step   1251: G-Loss =    0.001
Epoch      1, Step   1252: G-Loss =    0.001
Epoch      1, Step   1253: G-Loss =    0.000
Epoch      1, Step   1254: G-Loss =    0.001
Epoch      1, Step   1255: G-Loss =    0.001
Epoch      1, Step   1256: G-Loss =    0.001
Epoch      1, Step   1257: G-Loss =    0.001
Epoch      1, Step   1258: G-Loss =    0.001
Epoch      1, Step   1259: G-Loss =    0.001
Epoch      1, Step   1260: G-Loss =    0.001
Epoch      1, Step   1261: G-Loss =    0.001
Epoch      1, Step   1262: G-Loss =    0.001
Epoch      1, Step   1263: G-Loss =    0.001
Epoch      1, Step   1264: G-Loss =    0.001
Epoch      1, Step   1265: G-Loss =    0.001
Epoch      1, Step   1266: G-Loss =    0.001
Epoch      1, Step   1267: G-Loss =    0.001
Epoch      1, Step   1268: G-Loss =    0.001
Epoch      1, Step   1269: G-Loss =    0.001
Epoch      1, Step   1270: G-Loss =    0.001
Epoch      1, Step   1271: G-Loss =    0.001
Epoch      1, Step   1272: G-Loss =    0.001
Epoch      1, Step   1273: G-Loss =    0.001
Epoch      1, Step   1274: G-Loss =    0.001
Epoch      1, Step   1275: G-Loss =    0.001
Epoch      1, Step   1276: G-Loss =    0.001
Epoch      1, Step   1277: G-Loss =    0.000
Epoch      1, Step   1278: G-Loss =    0.001
Epoch      1, Step   1279: G-Loss =    0.000
Epoch      1, Step   1280: G-Loss =    0.001
Epoch      1, Step   1281: G-Loss =    0.001
Epoch      1, Step   1282: G-Loss =    0.001
Epoch      1, Step   1283: G-Loss =    0.001
Epoch      1, Step   1284: G-Loss =    0.001
Epoch      1, Step   1285: G-Loss =    0.001
Epoch      1, Step   1286: G-Loss =    0.001
Epoch      1, Step   1287: G-Loss =    0.000
Epoch      1, Step   1288: G-Loss =    0.001
Epoch      1, Step   1289: G-Loss =    0.001
Epoch      1, Step   1290: G-Loss =    0.001
Epoch      1, Step   1291: G-Loss =    0.000
Epoch      1, Step   1292: G-Loss =    0.001
Epoch      1, Step   1293: G-Loss =    0.001
Epoch      1, Step   1294: G-Loss =    0.001
Epoch      1, Step   1295: G-Loss =    0.001
Epoch      1, Step   1296: G-Loss =    0.001
Epoch      1, Step   1297: G-Loss =    0.001
Epoch      1, Step   1298: G-Loss =    0.001
Epoch      1, Step   1299: G-Loss =    0.001
Epoch      1, Step   1300: G-Loss =    0.000
Epoch      1, Step   1301: G-Loss =    0.001
Epoch      1, Step   1302: G-Loss =    0.001
Epoch      1, Step   1303: G-Loss =    0.001
Epoch      1, Step   1304: G-Loss =    0.001
Epoch      1, Step   1305: G-Loss =    0.001
Epoch      1, Step   1306: G-Loss =    0.001
Epoch      1, Step   1307: G-Loss =    0.001
Epoch      1, Step   1308: G-Loss =    0.000
Epoch      1, Step   1309: G-Loss =    0.001
Epoch      1, Step   1310: G-Loss =    0.000
Epoch      1, Step   1311: G-Loss =    0.001
Epoch      1, Step   1312: G-Loss =    0.001
Epoch      1, Step   1313: G-Loss =    0.001
Epoch      1, Step   1314: G-Loss =    0.000
Epoch      1, Step   1315: G-Loss =    0.000
Epoch      1, Step   1316: G-Loss =    0.001
Epoch      1, Step   1317: G-Loss =    0.001
Epoch      1, Step   1318: G-Loss =    0.001
Epoch      1, Step   1319: G-Loss =    0.001
Epoch      1, Step   1320: G-Loss =    0.001
Epoch      1, Step   1321: G-Loss =    0.000
Epoch      1, Step   1322: G-Loss =    0.000
Epoch      1, Step   1323: G-Loss =    0.000
Epoch      1, Step   1324: G-Loss =    0.001
Epoch      1, Step   1325: G-Loss =    0.001
Epoch      1, Step   1326: G-Loss =    0.001
Epoch      1, Step   1327: G-Loss =    0.001
Epoch      1, Step   1328: G-Loss =    0.000
Epoch      1, Step   1329: G-Loss =    0.001
Epoch      1, Step   1330: G-Loss =    0.000
Epoch      1, Step   1331: G-Loss =    0.000
Epoch      1, Step   1332: G-Loss =    0.001
Epoch      1, Step   1333: G-Loss =    0.001
Epoch      1, Step   1334: G-Loss =    0.001
Epoch      1, Step   1335: G-Loss =    0.001
Epoch      1, Step   1336: G-Loss =    0.000
Epoch      1, Step   1337: G-Loss =    0.001
Epoch      1, Step   1338: G-Loss =    0.000
Epoch      1, Step   1339: G-Loss =    0.001
Epoch      1, Step   1340: G-Loss =    0.001
Epoch      1, Step   1341: G-Loss =    0.000
Epoch      1, Step   1342: G-Loss =    0.001
Epoch      1, Step   1343: G-Loss =    0.000
Epoch      1, Step   1344: G-Loss =    0.000
Epoch      1, Step   1345: G-Loss =    0.000
Epoch      1, Step   1346: G-Loss =    0.000
Epoch      1, Step   1347: G-Loss =    0.001
Epoch      1, Step   1348: G-Loss =    0.001
Epoch      1, Step   1349: G-Loss =    0.000
Epoch      1, Step   1350: G-Loss =    0.000
Epoch      1, Step   1351: G-Loss =    0.000
Epoch      1, Step   1352: G-Loss =    0.000
Epoch      1, Step   1353: G-Loss =    0.000
Epoch      1, Step   1354: G-Loss =    0.000
Epoch      1, Step   1355: G-Loss =    0.000
Epoch      1, Step   1356: G-Loss =    0.000
Epoch      1, Step   1357: G-Loss =    0.001
Epoch      1, Step   1358: G-Loss =    0.000
Epoch      1, Step   1359: G-Loss =    0.000
Epoch      1, Step   1360: G-Loss =    0.000
Epoch      1, Step   1361: G-Loss =    0.000
Epoch      1, Step   1362: G-Loss =    0.000
Epoch      1, Step   1363: G-Loss =    0.000
Epoch      1, Step   1364: G-Loss =    0.000
Epoch      1, Step   1365: G-Loss =    0.000
Epoch      1, Step   1366: G-Loss =    0.000
Epoch      1, Step   1367: G-Loss =    0.001
Epoch      1, Step   1368: G-Loss =    0.001
Epoch      1, Step   1369: G-Loss =    0.001
Epoch      1, Step   1370: G-Loss =    0.000
Epoch      1, Step   1371: G-Loss =    0.000
Epoch      1, Step   1372: G-Loss =    0.000
Epoch      1, Step   1373: G-Loss =    0.000
Epoch      1, Step   1374: G-Loss =    0.001
Epoch      1, Step   1375: G-Loss =    0.000
Epoch      1, Step   1376: G-Loss =    0.000
Epoch      1, Step   1377: G-Loss =    0.000
Epoch      1, Step   1378: G-Loss =    0.000
Epoch      1, Step   1379: G-Loss =    0.000
Epoch      1, Step   1380: G-Loss =    0.000
Epoch      1, Step   1381: G-Loss =    0.000
Epoch      1, Step   1382: G-Loss =    0.000
Epoch      1, Step   1383: G-Loss =    0.000
Epoch      1, Step   1384: G-Loss =    0.000
Epoch      1, Step   1385: G-Loss =    0.000
Epoch      1, Step   1386: G-Loss =    0.001
Epoch      1, Step   1387: G-Loss =    0.000
Epoch      1, Step   1388: G-Loss =    0.000
Epoch      1, Step   1389: G-Loss =    0.000
Epoch      1, Step   1390: G-Loss =    0.000
Epoch      1, Step   1391: G-Loss =    0.000
Epoch      1, Step   1392: G-Loss =    0.000
Epoch      1, Step   1393: G-Loss =    0.000
Epoch      1, Step   1394: G-Loss =    0.000
Epoch      1, Step   1395: G-Loss =    0.000
Epoch      1, Step   1396: G-Loss =    0.000
Epoch      1, Step   1397: G-Loss =    0.000
Epoch      1, Step   1398: G-Loss =    0.000
Epoch      1, Step   1399: G-Loss =    0.000
Epoch      1, Step   1400: G-Loss =    0.000
Epoch      1, Step   1401: G-Loss =    0.000
Epoch      1, Step   1402: G-Loss =    0.000
Epoch      1, Step   1403: G-Loss =    0.000
Epoch      1, Step   1404: G-Loss =    0.000
Epoch      1, Step   1405: G-Loss =    0.000
Epoch      1, Step   1406: G-Loss =    0.000
Epoch      1, Step   1407: G-Loss =    0.000
Epoch      1, Step   1408: G-Loss =    0.000
Epoch      1, Step   1409: G-Loss =    0.000
Epoch      1, Step   1410: G-Loss =    0.000
Epoch      1, Step   1411: G-Loss =    0.000
Epoch      1, Step   1412: G-Loss =    0.000
Epoch      1, Step   1413: G-Loss =    0.000
Epoch      1, Step   1414: G-Loss =    0.000
Epoch      1, Step   1415: G-Loss =    0.000
Epoch      1, Step   1416: G-Loss =    0.000
Epoch      1, Step   1417: G-Loss =    0.000
Epoch      1, Step   1418: G-Loss =    0.000
Epoch      1, Step   1419: G-Loss =    0.000
Epoch      1, Step   1420: G-Loss =    0.000
Epoch      1, Step   1421: G-Loss =    0.000
Epoch      1, Step   1422: G-Loss =    0.000
Epoch      1, Step   1423: G-Loss =    0.000
Epoch      1, Step   1424: G-Loss =    0.000
Epoch      1, Step   1425: G-Loss =    0.000
Epoch      1, Step   1426: G-Loss =    0.000
Epoch      1, Step   1427: G-Loss =    0.000
Epoch      1, Step   1428: G-Loss =    0.000
Epoch      1, Step   1429: G-Loss =    0.000
Epoch      1, Step   1430: G-Loss =    0.000
Epoch      1, Step   1431: G-Loss =    0.000
Epoch      1, Step   1432: G-Loss =    0.000
Epoch      1, Step   1433: G-Loss =    0.000
Epoch      1, Step   1434: G-Loss =    0.001
Epoch      1, Step   1435: G-Loss =    0.000
Epoch      1, Step   1436: G-Loss =    0.001
Epoch      1, Step   1437: G-Loss =    0.000
Epoch      1, Step   1438: G-Loss =    0.000
Epoch      1, Step   1439: G-Loss =    0.000
Epoch      1, Step   1440: G-Loss =    0.000
Epoch      1, Step   1441: G-Loss =    0.000
Epoch      1, Step   1442: G-Loss =    0.000
Epoch      1, Step   1443: G-Loss =    0.000
Epoch      1, Step   1444: G-Loss =    0.000
Epoch      1, Step   1445: G-Loss =    0.000
Epoch      1, Step   1446: G-Loss =    0.000
Epoch      1, Step   1447: G-Loss =    0.000
Epoch      1, Step   1448: G-Loss =    0.000
Epoch      1, Step   1449: G-Loss =    0.000
Epoch      1, Step   1450: G-Loss =    0.000
Epoch      1, Step   1451: G-Loss =    0.000
Epoch      1, Step   1452: G-Loss =    0.000
Epoch      1, Step   1453: G-Loss =    0.000
Epoch      1, Step   1454: G-Loss =    0.000
Epoch      1, Step   1455: G-Loss =    0.000
Epoch      1, Step   1456: G-Loss =    0.000
Epoch      1, Step   1457: G-Loss =    0.000
Epoch      1, Step   1458: G-Loss =    0.000
Epoch      1, Step   1459: G-Loss =    0.000
Epoch      1, Step   1460: G-Loss =    0.000
Epoch      1, Step   1461: G-Loss =    0.000
Epoch      1, Step   1462: G-Loss =    0.000
Epoch      1, Step   1463: G-Loss =    0.000
Epoch      1, Step   1464: G-Loss =    0.000
Epoch      1, Step   1465: G-Loss =    0.000
Epoch      1, Step   1466: G-Loss =    0.000
Epoch      1, Step   1467: G-Loss =    0.000
Epoch      1, Step   1468: G-Loss =    0.000
Epoch      1, Step   1469: G-Loss =    0.000
Epoch      1, Step   1470: G-Loss =    0.000
Epoch      1, Step   1471: G-Loss =    0.000
Epoch      1, Step   1472: G-Loss =    0.000
Epoch      1, Step   1473: G-Loss =    0.000
Epoch      1, Step   1474: G-Loss =    0.000
Epoch      1, Step   1475: G-Loss =    0.000
Epoch      1, Step   1476: G-Loss =    0.000
Epoch      1, Step   1477: G-Loss =    0.001
Epoch      1, Step   1478: G-Loss =    0.000
Epoch      1, Step   1479: G-Loss =    0.000
Epoch      1, Step   1480: G-Loss =    0.000
Epoch      1, Step   1481: G-Loss =    0.000
Epoch      1, Step   1482: G-Loss =    0.000
Epoch      1, Step   1483: G-Loss =    0.000
Epoch      1, Step   1484: G-Loss =    0.000
Epoch      1, Step   1485: G-Loss =    0.000
Epoch      1, Step   1486: G-Loss =    0.000
Epoch      1, Step   1487: G-Loss =    0.000
Epoch      1, Step   1488: G-Loss =    0.000
Epoch      1, Step   1489: G-Loss =    0.000
Epoch      1, Step   1490: G-Loss =    0.000
Epoch      1, Step   1491: G-Loss =    0.000
Epoch      1, Step   1492: G-Loss =    0.000
Epoch      1, Step   1493: G-Loss =    0.000
Epoch      1, Step   1494: G-Loss =    0.000
Epoch      1, Step   1495: G-Loss =    0.000
Epoch      1, Step   1496: G-Loss =    0.000
Epoch      1, Step   1497: G-Loss =    0.000
Epoch      1, Step   1498: G-Loss =    0.000
Epoch      1, Step   1499: G-Loss =    0.000
Epoch      1, Step   1500: G-Loss =    0.000
Epoch      1, Step   1501: G-Loss =    0.000
Epoch      1, Step   1502: G-Loss =    0.000
Epoch      1, Step   1503: G-Loss =    0.000
Epoch      1, Step   1504: G-Loss =    0.000
Epoch      1, Step   1505: G-Loss =    0.000
Epoch      1, Step   1506: G-Loss =    0.000
Epoch      1, Step   1507: G-Loss =    0.000
Epoch      1, Step   1508: G-Loss =    0.000
Epoch      1, Step   1509: G-Loss =    0.000
Epoch      1, Step   1510: G-Loss =    0.000
Epoch      1, Step   1511: G-Loss =    0.000
Epoch      1, Step   1512: G-Loss =    0.000
Epoch      1, Step   1513: G-Loss =    0.000
Epoch      1, Step   1514: G-Loss =    0.000
Epoch      1, Step   1515: G-Loss =    0.000
Epoch      1, Step   1516: G-Loss =    0.000
Epoch      1, Step   1517: G-Loss =    0.000
Epoch      1, Step   1518: G-Loss =    0.000
Epoch      1, Step   1519: G-Loss =    0.000
Epoch      1, Step   1520: G-Loss =    0.000
Epoch      1, Step   1521: G-Loss =    0.000
Epoch      1, Step   1522: G-Loss =    0.000
Epoch